The system is: Linux - 3.10.0-514.26.2.el7.x86_64 - x86_64
Compiling the C compiler identification source file "CMakeCCompilerId.c" succeeded.
Compiler: /usr/bin/cc 
Build flags: 
Id flags: 

The output was:
0


Compilation of the C compiler identification source "CMakeCCompilerId.c" produced "a.out"

The C compiler identification is GNU, found in "/home/wallace/workSPACE/gitHUB/SourceCODE/myCODES/tools/codebeauty_tool/uncrustify/build/CMakeFiles/2.8.12.2/CompilerIdC/a.out"

Compiling the CXX compiler identification source file "CMakeCXXCompilerId.cpp" succeeded.
Compiler: /usr/bin/c++ 
Build flags: 
Id flags: 

The output was:
0


Compilation of the CXX compiler identification source "CMakeCXXCompilerId.cpp" produced "a.out"

The CXX compiler identification is GNU, found in "/home/wallace/workSPACE/gitHUB/SourceCODE/myCODES/tools/codebeauty_tool/uncrustify/build/CMakeFiles/2.8.12.2/CompilerIdCXX/a.out"

Determining if the C compiler works passed with the following output:
Change Dir: /home/wallace/workSPACE/gitHUB/SourceCODE/myCODES/tools/codebeauty_tool/uncrustify/build/CMakeFiles/CMakeTmp

Run Build Command:/usr/bin/gmake "cmTryCompileExec3045153143/fast"
/usr/bin/gmake -f CMakeFiles/cmTryCompileExec3045153143.dir/build.make CMakeFiles/cmTryCompileExec3045153143.dir/build
gmake[1]: Entering directory `/home/wallace/workSPACE/gitHUB/SourceCODE/myCODES/tools/codebeauty_tool/uncrustify/build/CMakeFiles/CMakeTmp'
/usr/bin/cmake -E cmake_progress_report /home/wallace/workSPACE/gitHUB/SourceCODE/myCODES/tools/codebeauty_tool/uncrustify/build/CMakeFiles/CMakeTmp/CMakeFiles 1
Building C object CMakeFiles/cmTryCompileExec3045153143.dir/testCCompiler.c.o
/usr/bin/cc    -o CMakeFiles/cmTryCompileExec3045153143.dir/testCCompiler.c.o   -c /home/wallace/workSPACE/gitHUB/SourceCODE/myCODES/tools/codebeauty_tool/uncrustify/build/CMakeFiles/CMakeTmp/testCCompiler.c
Linking C executable cmTryCompileExec3045153143
/usr/bin/cmake -E cmake_link_script CMakeFiles/cmTryCompileExec3045153143.dir/link.txt --verbose=1
/usr/bin/cc       CMakeFiles/cmTryCompileExec3045153143.dir/testCCompiler.c.o  -o cmTryCompileExec3045153143 -rdynamic 
gmake[1]: Leaving directory `/home/wallace/workSPACE/gitHUB/SourceCODE/myCODES/tools/codebeauty_tool/uncrustify/build/CMakeFiles/CMakeTmp'


Detecting C compiler ABI info compiled with the following output:
Change Dir: /home/wallace/workSPACE/gitHUB/SourceCODE/myCODES/tools/codebeauty_tool/uncrustify/build/CMakeFiles/CMakeTmp

Run Build Command:/usr/bin/gmake "cmTryCompileExec738909462/fast"
/usr/bin/gmake -f CMakeFiles/cmTryCompileExec738909462.dir/build.make CMakeFiles/cmTryCompileExec738909462.dir/build
gmake[1]: Entering directory `/home/wallace/workSPACE/gitHUB/SourceCODE/myCODES/tools/codebeauty_tool/uncrustify/build/CMakeFiles/CMakeTmp'
/usr/bin/cmake -E cmake_progress_report /home/wallace/workSPACE/gitHUB/SourceCODE/myCODES/tools/codebeauty_tool/uncrustify/build/CMakeFiles/CMakeTmp/CMakeFiles 1
Building C object CMakeFiles/cmTryCompileExec738909462.dir/CMakeCCompilerABI.c.o
/usr/bin/cc    -o CMakeFiles/cmTryCompileExec738909462.dir/CMakeCCompilerABI.c.o   -c /usr/share/cmake/Modules/CMakeCCompilerABI.c
Linking C executable cmTryCompileExec738909462
/usr/bin/cmake -E cmake_link_script CMakeFiles/cmTryCompileExec738909462.dir/link.txt --verbose=1
/usr/bin/cc     -v CMakeFiles/cmTryCompileExec738909462.dir/CMakeCCompilerABI.c.o  -o cmTryCompileExec738909462 -rdynamic  
Using built-in specs.
COLLECT_GCC=/usr/bin/cc
COLLECT_LTO_WRAPPER=/usr/libexec/gcc/x86_64-redhat-linux/4.8.5/lto-wrapper
Target: x86_64-redhat-linux
Configured with: ../configure --prefix=/usr --mandir=/usr/share/man --infodir=/usr/share/info --with-bugurl=http://bugzilla.redhat.com/bugzilla --enable-bootstrap --enable-shared --enable-threads=posix --enable-checking=release --with-system-zlib --enable-__cxa_atexit --disable-libunwind-exceptions --enable-gnu-unique-object --enable-linker-build-id --with-linker-hash-style=gnu --enable-languages=c,c++,objc,obj-c++,java,fortran,ada,go,lto --enable-plugin --enable-initfini-array --disable-libgcj --with-isl=/builddir/build/BUILD/gcc-4.8.5-20150702/obj-x86_64-redhat-linux/isl-install --with-cloog=/builddir/build/BUILD/gcc-4.8.5-20150702/obj-x86_64-redhat-linux/cloog-install --enable-gnu-indirect-function --with-tune=generic --with-arch_32=x86-64 --build=x86_64-redhat-linux
Thread model: posix
gcc version 4.8.5 20150623 (Red Hat 4.8.5-11) (GCC) 
COMPILER_PATH=/usr/libexec/gcc/x86_64-redhat-linux/4.8.5/:/usr/libexec/gcc/x86_64-redhat-linux/4.8.5/:/usr/libexec/gcc/x86_64-redhat-linux/:/usr/lib/gcc/x86_64-redhat-linux/4.8.5/:/usr/lib/gcc/x86_64-redhat-linux/
LIBRARY_PATH=/usr/lib/gcc/x86_64-redhat-linux/4.8.5/:/usr/lib/gcc/x86_64-redhat-linux/4.8.5/../../../../lib64/:/lib/../lib64/:/usr/lib/../lib64/:/usr/lib/gcc/x86_64-redhat-linux/4.8.5/../../../:/lib/:/usr/lib/
COLLECT_GCC_OPTIONS='-v' '-o' 'cmTryCompileExec738909462' '-rdynamic' '-mtune=generic' '-march=x86-64'
 /usr/libexec/gcc/x86_64-redhat-linux/4.8.5/collect2 --build-id --no-add-needed --eh-frame-hdr --hash-style=gnu -m elf_x86_64 -export-dynamic -dynamic-linker /lib64/ld-linux-x86-64.so.2 -o cmTryCompileExec738909462 /usr/lib/gcc/x86_64-redhat-linux/4.8.5/../../../../lib64/crt1.o /usr/lib/gcc/x86_64-redhat-linux/4.8.5/../../../../lib64/crti.o /usr/lib/gcc/x86_64-redhat-linux/4.8.5/crtbegin.o -L/usr/lib/gcc/x86_64-redhat-linux/4.8.5 -L/usr/lib/gcc/x86_64-redhat-linux/4.8.5/../../../../lib64 -L/lib/../lib64 -L/usr/lib/../lib64 -L/usr/lib/gcc/x86_64-redhat-linux/4.8.5/../../.. CMakeFiles/cmTryCompileExec738909462.dir/CMakeCCompilerABI.c.o -lgcc --as-needed -lgcc_s --no-as-needed -lc -lgcc --as-needed -lgcc_s --no-as-needed /usr/lib/gcc/x86_64-redhat-linux/4.8.5/crtend.o /usr/lib/gcc/x86_64-redhat-linux/4.8.5/../../../../lib64/crtn.o
gmake[1]: Leaving directory `/home/wallace/workSPACE/gitHUB/SourceCODE/myCODES/tools/codebeauty_tool/uncrustify/build/CMakeFiles/CMakeTmp'


Parsed C implicit link information from above output:
  link line regex: [^( *|.*[/\])(ld|([^/\]+-)?ld|collect2)[^/\]*( |$)]
  ignore line: [Change Dir: /home/wallace/workSPACE/gitHUB/SourceCODE/myCODES/tools/codebeauty_tool/uncrustify/build/CMakeFiles/CMakeTmp]
  ignore line: []
  ignore line: [Run Build Command:/usr/bin/gmake "cmTryCompileExec738909462/fast"]
  ignore line: [/usr/bin/gmake -f CMakeFiles/cmTryCompileExec738909462.dir/build.make CMakeFiles/cmTryCompileExec738909462.dir/build]
  ignore line: [gmake[1]: Entering directory `/home/wallace/workSPACE/gitHUB/SourceCODE/myCODES/tools/codebeauty_tool/uncrustify/build/CMakeFiles/CMakeTmp']
  ignore line: [/usr/bin/cmake -E cmake_progress_report /home/wallace/workSPACE/gitHUB/SourceCODE/myCODES/tools/codebeauty_tool/uncrustify/build/CMakeFiles/CMakeTmp/CMakeFiles 1]
  ignore line: [Building C object CMakeFiles/cmTryCompileExec738909462.dir/CMakeCCompilerABI.c.o]
  ignore line: [/usr/bin/cc    -o CMakeFiles/cmTryCompileExec738909462.dir/CMakeCCompilerABI.c.o   -c /usr/share/cmake/Modules/CMakeCCompilerABI.c]
  ignore line: [Linking C executable cmTryCompileExec738909462]
  ignore line: [/usr/bin/cmake -E cmake_link_script CMakeFiles/cmTryCompileExec738909462.dir/link.txt --verbose=1]
  ignore line: [/usr/bin/cc     -v CMakeFiles/cmTryCompileExec738909462.dir/CMakeCCompilerABI.c.o  -o cmTryCompileExec738909462 -rdynamic  ]
  ignore line: [Using built-in specs.]
  ignore line: [COLLECT_GCC=/usr/bin/cc]
  ignore line: [COLLECT_LTO_WRAPPER=/usr/libexec/gcc/x86_64-redhat-linux/4.8.5/lto-wrapper]
  ignore line: [Target: x86_64-redhat-linux]
  ignore line: [Configured with: ../configure --prefix=/usr --mandir=/usr/share/man --infodir=/usr/share/info --with-bugurl=http://bugzilla.redhat.com/bugzilla --enable-bootstrap --enable-shared --enable-threads=posix --enable-checking=release --with-system-zlib --enable-__cxa_atexit --disable-libunwind-exceptions --enable-gnu-unique-object --enable-linker-build-id --with-linker-hash-style=gnu --enable-languages=c,c++,objc,obj-c++,java,fortran,ada,go,lto --enable-plugin --enable-initfini-array --disable-libgcj --with-isl=/builddir/build/BUILD/gcc-4.8.5-20150702/obj-x86_64-redhat-linux/isl-install --with-cloog=/builddir/build/BUILD/gcc-4.8.5-20150702/obj-x86_64-redhat-linux/cloog-install --enable-gnu-indirect-function --with-tune=generic --with-arch_32=x86-64 --build=x86_64-redhat-linux]
  ignore line: [Thread model: posix]
  ignore line: [gcc version 4.8.5 20150623 (Red Hat 4.8.5-11) (GCC) ]
  ignore line: [COMPILER_PATH=/usr/libexec/gcc/x86_64-redhat-linux/4.8.5/:/usr/libexec/gcc/x86_64-redhat-linux/4.8.5/:/usr/libexec/gcc/x86_64-redhat-linux/:/usr/lib/gcc/x86_64-redhat-linux/4.8.5/:/usr/lib/gcc/x86_64-redhat-linux/]
  ignore line: [LIBRARY_PATH=/usr/lib/gcc/x86_64-redhat-linux/4.8.5/:/usr/lib/gcc/x86_64-redhat-linux/4.8.5/../../../../lib64/:/lib/../lib64/:/usr/lib/../lib64/:/usr/lib/gcc/x86_64-redhat-linux/4.8.5/../../../:/lib/:/usr/lib/]
  ignore line: [COLLECT_GCC_OPTIONS='-v' '-o' 'cmTryCompileExec738909462' '-rdynamic' '-mtune=generic' '-march=x86-64']
  link line: [ /usr/libexec/gcc/x86_64-redhat-linux/4.8.5/collect2 --build-id --no-add-needed --eh-frame-hdr --hash-style=gnu -m elf_x86_64 -export-dynamic -dynamic-linker /lib64/ld-linux-x86-64.so.2 -o cmTryCompileExec738909462 /usr/lib/gcc/x86_64-redhat-linux/4.8.5/../../../../lib64/crt1.o /usr/lib/gcc/x86_64-redhat-linux/4.8.5/../../../../lib64/crti.o /usr/lib/gcc/x86_64-redhat-linux/4.8.5/crtbegin.o -L/usr/lib/gcc/x86_64-redhat-linux/4.8.5 -L/usr/lib/gcc/x86_64-redhat-linux/4.8.5/../../../../lib64 -L/lib/../lib64 -L/usr/lib/../lib64 -L/usr/lib/gcc/x86_64-redhat-linux/4.8.5/../../.. CMakeFiles/cmTryCompileExec738909462.dir/CMakeCCompilerABI.c.o -lgcc --as-needed -lgcc_s --no-as-needed -lc -lgcc --as-needed -lgcc_s --no-as-needed /usr/lib/gcc/x86_64-redhat-linux/4.8.5/crtend.o /usr/lib/gcc/x86_64-redhat-linux/4.8.5/../../../../lib64/crtn.o]
    arg [/usr/libexec/gcc/x86_64-redhat-linux/4.8.5/collect2] ==> ignore
    arg [--build-id] ==> ignore
    arg [--no-add-needed] ==> ignore
    arg [--eh-frame-hdr] ==> ignore
    arg [--hash-style=gnu] ==> ignore
    arg [-m] ==> ignore
    arg [elf_x86_64] ==> ignore
    arg [-export-dynamic] ==> ignore
    arg [-dynamic-linker] ==> ignore
    arg [/lib64/ld-linux-x86-64.so.2] ==> ignore
    arg [-o] ==> ignore
    arg [cmTryCompileExec738909462] ==> ignore
    arg [/usr/lib/gcc/x86_64-redhat-linux/4.8.5/../../../../lib64/crt1.o] ==> ignore
    arg [/usr/lib/gcc/x86_64-redhat-linux/4.8.5/../../../../lib64/crti.o] ==> ignore
    arg [/usr/lib/gcc/x86_64-redhat-linux/4.8.5/crtbegin.o] ==> ignore
    arg [-L/usr/lib/gcc/x86_64-redhat-linux/4.8.5] ==> dir [/usr/lib/gcc/x86_64-redhat-linux/4.8.5]
    arg [-L/usr/lib/gcc/x86_64-redhat-linux/4.8.5/../../../../lib64] ==> dir [/usr/lib/gcc/x86_64-redhat-linux/4.8.5/../../../../lib64]
    arg [-L/lib/../lib64] ==> dir [/lib/../lib64]
    arg [-L/usr/lib/../lib64] ==> dir [/usr/lib/../lib64]
    arg [-L/usr/lib/gcc/x86_64-redhat-linux/4.8.5/../../..] ==> dir [/usr/lib/gcc/x86_64-redhat-linux/4.8.5/../../..]
    arg [CMakeFiles/cmTryCompileExec738909462.dir/CMakeCCompilerABI.c.o] ==> ignore
    arg [-lgcc] ==> lib [gcc]
    arg [--as-needed] ==> ignore
    arg [-lgcc_s] ==> lib [gcc_s]
    arg [--no-as-needed] ==> ignore
    arg [-lc] ==> lib [c]
    arg [-lgcc] ==> lib [gcc]
    arg [--as-needed] ==> ignore
    arg [-lgcc_s] ==> lib [gcc_s]
    arg [--no-as-needed] ==> ignore
    arg [/usr/lib/gcc/x86_64-redhat-linux/4.8.5/crtend.o] ==> ignore
    arg [/usr/lib/gcc/x86_64-redhat-linux/4.8.5/../../../../lib64/crtn.o] ==> ignore
  remove lib [gcc]
  remove lib [gcc_s]
  remove lib [gcc]
  remove lib [gcc_s]
  collapse library dir [/usr/lib/gcc/x86_64-redhat-linux/4.8.5] ==> [/usr/lib/gcc/x86_64-redhat-linux/4.8.5]
  collapse library dir [/usr/lib/gcc/x86_64-redhat-linux/4.8.5/../../../../lib64] ==> [/usr/lib64]
  collapse library dir [/lib/../lib64] ==> [/lib64]
  collapse library dir [/usr/lib/../lib64] ==> [/usr/lib64]
  collapse library dir [/usr/lib/gcc/x86_64-redhat-linux/4.8.5/../../..] ==> [/usr/lib]
  implicit libs: [c]
  implicit dirs: [/usr/lib/gcc/x86_64-redhat-linux/4.8.5;/usr/lib64;/lib64;/usr/lib]
  implicit fwks: []


Determining if the CXX compiler works passed with the following output:
Change Dir: /home/wallace/workSPACE/gitHUB/SourceCODE/myCODES/tools/codebeauty_tool/uncrustify/build/CMakeFiles/CMakeTmp

Run Build Command:/usr/bin/gmake "cmTryCompileExec1572000069/fast"
/usr/bin/gmake -f CMakeFiles/cmTryCompileExec1572000069.dir/build.make CMakeFiles/cmTryCompileExec1572000069.dir/build
gmake[1]: Entering directory `/home/wallace/workSPACE/gitHUB/SourceCODE/myCODES/tools/codebeauty_tool/uncrustify/build/CMakeFiles/CMakeTmp'
/usr/bin/cmake -E cmake_progress_report /home/wallace/workSPACE/gitHUB/SourceCODE/myCODES/tools/codebeauty_tool/uncrustify/build/CMakeFiles/CMakeTmp/CMakeFiles 1
Building CXX object CMakeFiles/cmTryCompileExec1572000069.dir/testCXXCompiler.cxx.o
/usr/bin/c++     -o CMakeFiles/cmTryCompileExec1572000069.dir/testCXXCompiler.cxx.o -c /home/wallace/workSPACE/gitHUB/SourceCODE/myCODES/tools/codebeauty_tool/uncrustify/build/CMakeFiles/CMakeTmp/testCXXCompiler.cxx
Linking CXX executable cmTryCompileExec1572000069
/usr/bin/cmake -E cmake_link_script CMakeFiles/cmTryCompileExec1572000069.dir/link.txt --verbose=1
/usr/bin/c++        CMakeFiles/cmTryCompileExec1572000069.dir/testCXXCompiler.cxx.o  -o cmTryCompileExec1572000069 -rdynamic 
gmake[1]: Leaving directory `/home/wallace/workSPACE/gitHUB/SourceCODE/myCODES/tools/codebeauty_tool/uncrustify/build/CMakeFiles/CMakeTmp'


Detecting CXX compiler ABI info compiled with the following output:
Change Dir: /home/wallace/workSPACE/gitHUB/SourceCODE/myCODES/tools/codebeauty_tool/uncrustify/build/CMakeFiles/CMakeTmp

Run Build Command:/usr/bin/gmake "cmTryCompileExec3805991182/fast"
/usr/bin/gmake -f CMakeFiles/cmTryCompileExec3805991182.dir/build.make CMakeFiles/cmTryCompileExec3805991182.dir/build
gmake[1]: Entering directory `/home/wallace/workSPACE/gitHUB/SourceCODE/myCODES/tools/codebeauty_tool/uncrustify/build/CMakeFiles/CMakeTmp'
/usr/bin/cmake -E cmake_progress_report /home/wallace/workSPACE/gitHUB/SourceCODE/myCODES/tools/codebeauty_tool/uncrustify/build/CMakeFiles/CMakeTmp/CMakeFiles 1
Building CXX object CMakeFiles/cmTryCompileExec3805991182.dir/CMakeCXXCompilerABI.cpp.o
/usr/bin/c++     -o CMakeFiles/cmTryCompileExec3805991182.dir/CMakeCXXCompilerABI.cpp.o -c /usr/share/cmake/Modules/CMakeCXXCompilerABI.cpp
Linking CXX executable cmTryCompileExec3805991182
/usr/bin/cmake -E cmake_link_script CMakeFiles/cmTryCompileExec3805991182.dir/link.txt --verbose=1
/usr/bin/c++      -v CMakeFiles/cmTryCompileExec3805991182.dir/CMakeCXXCompilerABI.cpp.o  -o cmTryCompileExec3805991182 -rdynamic  
Using built-in specs.
COLLECT_GCC=/usr/bin/c++
COLLECT_LTO_WRAPPER=/usr/libexec/gcc/x86_64-redhat-linux/4.8.5/lto-wrapper
Target: x86_64-redhat-linux
Configured with: ../configure --prefix=/usr --mandir=/usr/share/man --infodir=/usr/share/info --with-bugurl=http://bugzilla.redhat.com/bugzilla --enable-bootstrap --enable-shared --enable-threads=posix --enable-checking=release --with-system-zlib --enable-__cxa_atexit --disable-libunwind-exceptions --enable-gnu-unique-object --enable-linker-build-id --with-linker-hash-style=gnu --enable-languages=c,c++,objc,obj-c++,java,fortran,ada,go,lto --enable-plugin --enable-initfini-array --disable-libgcj --with-isl=/builddir/build/BUILD/gcc-4.8.5-20150702/obj-x86_64-redhat-linux/isl-install --with-cloog=/builddir/build/BUILD/gcc-4.8.5-20150702/obj-x86_64-redhat-linux/cloog-install --enable-gnu-indirect-function --with-tune=generic --with-arch_32=x86-64 --build=x86_64-redhat-linux
Thread model: posix
gcc version 4.8.5 20150623 (Red Hat 4.8.5-11) (GCC) 
COMPILER_PATH=/usr/libexec/gcc/x86_64-redhat-linux/4.8.5/:/usr/libexec/gcc/x86_64-redhat-linux/4.8.5/:/usr/libexec/gcc/x86_64-redhat-linux/:/usr/lib/gcc/x86_64-redhat-linux/4.8.5/:/usr/lib/gcc/x86_64-redhat-linux/
LIBRARY_PATH=/usr/lib/gcc/x86_64-redhat-linux/4.8.5/:/usr/lib/gcc/x86_64-redhat-linux/4.8.5/../../../../lib64/:/lib/../lib64/:/usr/lib/../lib64/:/usr/lib/gcc/x86_64-redhat-linux/4.8.5/../../../:/lib/:/usr/lib/
COLLECT_GCC_OPTIONS='-v' '-o' 'cmTryCompileExec3805991182' '-rdynamic' '-shared-libgcc' '-mtune=generic' '-march=x86-64'
 /usr/libexec/gcc/x86_64-redhat-linux/4.8.5/collect2 --build-id --no-add-needed --eh-frame-hdr --hash-style=gnu -m elf_x86_64 -export-dynamic -dynamic-linker /lib64/ld-linux-x86-64.so.2 -o cmTryCompileExec3805991182 /usr/lib/gcc/x86_64-redhat-linux/4.8.5/../../../../lib64/crt1.o /usr/lib/gcc/x86_64-redhat-linux/4.8.5/../../../../lib64/crti.o /usr/lib/gcc/x86_64-redhat-linux/4.8.5/crtbegin.o -L/usr/lib/gcc/x86_64-redhat-linux/4.8.5 -L/usr/lib/gcc/x86_64-redhat-linux/4.8.5/../../../../lib64 -L/lib/../lib64 -L/usr/lib/../lib64 -L/usr/lib/gcc/x86_64-redhat-linux/4.8.5/../../.. CMakeFiles/cmTryCompileExec3805991182.dir/CMakeCXXCompilerABI.cpp.o -lstdc++ -lm -lgcc_s -lgcc -lc -lgcc_s -lgcc /usr/lib/gcc/x86_64-redhat-linux/4.8.5/crtend.o /usr/lib/gcc/x86_64-redhat-linux/4.8.5/../../../../lib64/crtn.o
gmake[1]: Leaving directory `/home/wallace/workSPACE/gitHUB/SourceCODE/myCODES/tools/codebeauty_tool/uncrustify/build/CMakeFiles/CMakeTmp'


Parsed CXX implicit link information from above output:
  link line regex: [^( *|.*[/\])(ld|([^/\]+-)?ld|collect2)[^/\]*( |$)]
  ignore line: [Change Dir: /home/wallace/workSPACE/gitHUB/SourceCODE/myCODES/tools/codebeauty_tool/uncrustify/build/CMakeFiles/CMakeTmp]
  ignore line: []
  ignore line: [Run Build Command:/usr/bin/gmake "cmTryCompileExec3805991182/fast"]
  ignore line: [/usr/bin/gmake -f CMakeFiles/cmTryCompileExec3805991182.dir/build.make CMakeFiles/cmTryCompileExec3805991182.dir/build]
  ignore line: [gmake[1]: Entering directory `/home/wallace/workSPACE/gitHUB/SourceCODE/myCODES/tools/codebeauty_tool/uncrustify/build/CMakeFiles/CMakeTmp']
  ignore line: [/usr/bin/cmake -E cmake_progress_report /home/wallace/workSPACE/gitHUB/SourceCODE/myCODES/tools/codebeauty_tool/uncrustify/build/CMakeFiles/CMakeTmp/CMakeFiles 1]
  ignore line: [Building CXX object CMakeFiles/cmTryCompileExec3805991182.dir/CMakeCXXCompilerABI.cpp.o]
  ignore line: [/usr/bin/c++     -o CMakeFiles/cmTryCompileExec3805991182.dir/CMakeCXXCompilerABI.cpp.o -c /usr/share/cmake/Modules/CMakeCXXCompilerABI.cpp]
  ignore line: [Linking CXX executable cmTryCompileExec3805991182]
  ignore line: [/usr/bin/cmake -E cmake_link_script CMakeFiles/cmTryCompileExec3805991182.dir/link.txt --verbose=1]
  ignore line: [/usr/bin/c++      -v CMakeFiles/cmTryCompileExec3805991182.dir/CMakeCXXCompilerABI.cpp.o  -o cmTryCompileExec3805991182 -rdynamic  ]
  ignore line: [Using built-in specs.]
  ignore line: [COLLECT_GCC=/usr/bin/c++]
  ignore line: [COLLECT_LTO_WRAPPER=/usr/libexec/gcc/x86_64-redhat-linux/4.8.5/lto-wrapper]
  ignore line: [Target: x86_64-redhat-linux]
  ignore line: [Configured with: ../configure --prefix=/usr --mandir=/usr/share/man --infodir=/usr/share/info --with-bugurl=http://bugzilla.redhat.com/bugzilla --enable-bootstrap --enable-shared --enable-threads=posix --enable-checking=release --with-system-zlib --enable-__cxa_atexit --disable-libunwind-exceptions --enable-gnu-unique-object --enable-linker-build-id --with-linker-hash-style=gnu --enable-languages=c,c++,objc,obj-c++,java,fortran,ada,go,lto --enable-plugin --enable-initfini-array --disable-libgcj --with-isl=/builddir/build/BUILD/gcc-4.8.5-20150702/obj-x86_64-redhat-linux/isl-install --with-cloog=/builddir/build/BUILD/gcc-4.8.5-20150702/obj-x86_64-redhat-linux/cloog-install --enable-gnu-indirect-function --with-tune=generic --with-arch_32=x86-64 --build=x86_64-redhat-linux]
  ignore line: [Thread model: posix]
  ignore line: [gcc version 4.8.5 20150623 (Red Hat 4.8.5-11) (GCC) ]
  ignore line: [COMPILER_PATH=/usr/libexec/gcc/x86_64-redhat-linux/4.8.5/:/usr/libexec/gcc/x86_64-redhat-linux/4.8.5/:/usr/libexec/gcc/x86_64-redhat-linux/:/usr/lib/gcc/x86_64-redhat-linux/4.8.5/:/usr/lib/gcc/x86_64-redhat-linux/]
  ignore line: [LIBRARY_PATH=/usr/lib/gcc/x86_64-redhat-linux/4.8.5/:/usr/lib/gcc/x86_64-redhat-linux/4.8.5/../../../../lib64/:/lib/../lib64/:/usr/lib/../lib64/:/usr/lib/gcc/x86_64-redhat-linux/4.8.5/../../../:/lib/:/usr/lib/]
  ignore line: [COLLECT_GCC_OPTIONS='-v' '-o' 'cmTryCompileExec3805991182' '-rdynamic' '-shared-libgcc' '-mtune=generic' '-march=x86-64']
  link line: [ /usr/libexec/gcc/x86_64-redhat-linux/4.8.5/collect2 --build-id --no-add-needed --eh-frame-hdr --hash-style=gnu -m elf_x86_64 -export-dynamic -dynamic-linker /lib64/ld-linux-x86-64.so.2 -o cmTryCompileExec3805991182 /usr/lib/gcc/x86_64-redhat-linux/4.8.5/../../../../lib64/crt1.o /usr/lib/gcc/x86_64-redhat-linux/4.8.5/../../../../lib64/crti.o /usr/lib/gcc/x86_64-redhat-linux/4.8.5/crtbegin.o -L/usr/lib/gcc/x86_64-redhat-linux/4.8.5 -L/usr/lib/gcc/x86_64-redhat-linux/4.8.5/../../../../lib64 -L/lib/../lib64 -L/usr/lib/../lib64 -L/usr/lib/gcc/x86_64-redhat-linux/4.8.5/../../.. CMakeFiles/cmTryCompileExec3805991182.dir/CMakeCXXCompilerABI.cpp.o -lstdc++ -lm -lgcc_s -lgcc -lc -lgcc_s -lgcc /usr/lib/gcc/x86_64-redhat-linux/4.8.5/crtend.o /usr/lib/gcc/x86_64-redhat-linux/4.8.5/../../../../lib64/crtn.o]
    arg [/usr/libexec/gcc/x86_64-redhat-linux/4.8.5/collect2] ==> ignore
    arg [--build-id] ==> ignore
    arg [--no-add-needed] ==> ignore
    arg [--eh-frame-hdr] ==> ignore
    arg [--hash-style=gnu] ==> ignore
    arg [-m] ==> ignore
    arg [elf_x86_64] ==> ignore
    arg [-export-dynamic] ==> ignore
    arg [-dynamic-linker] ==> ignore
    arg [/lib64/ld-linux-x86-64.so.2] ==> ignore
    arg [-o] ==> ignore
    arg [cmTryCompileExec3805991182] ==> ignore
    arg [/usr/lib/gcc/x86_64-redhat-linux/4.8.5/../../../../lib64/crt1.o] ==> ignore
    arg [/usr/lib/gcc/x86_64-redhat-linux/4.8.5/../../../../lib64/crti.o] ==> ignore
    arg [/usr/lib/gcc/x86_64-redhat-linux/4.8.5/crtbegin.o] ==> ignore
    arg [-L/usr/lib/gcc/x86_64-redhat-linux/4.8.5] ==> dir [/usr/lib/gcc/x86_64-redhat-linux/4.8.5]
    arg [-L/usr/lib/gcc/x86_64-redhat-linux/4.8.5/../../../../lib64] ==> dir [/usr/lib/gcc/x86_64-redhat-linux/4.8.5/../../../../lib64]
    arg [-L/lib/../lib64] ==> dir [/lib/../lib64]
    arg [-L/usr/lib/../lib64] ==> dir [/usr/lib/../lib64]
    arg [-L/usr/lib/gcc/x86_64-redhat-linux/4.8.5/../../..] ==> dir [/usr/lib/gcc/x86_64-redhat-linux/4.8.5/../../..]
    arg [CMakeFiles/cmTryCompileExec3805991182.dir/CMakeCXXCompilerABI.cpp.o] ==> ignore
    arg [-lstdc++] ==> lib [stdc++]
    arg [-lm] ==> lib [m]
    arg [-lgcc_s] ==> lib [gcc_s]
    arg [-lgcc] ==> lib [gcc]
    arg [-lc] ==> lib [c]
    arg [-lgcc_s] ==> lib [gcc_s]
    arg [-lgcc] ==> lib [gcc]
    arg [/usr/lib/gcc/x86_64-redhat-linux/4.8.5/crtend.o] ==> ignore
    arg [/usr/lib/gcc/x86_64-redhat-linux/4.8.5/../../../../lib64/crtn.o] ==> ignore
  remove lib [gcc_s]
  remove lib [gcc]
  remove lib [gcc_s]
  remove lib [gcc]
  collapse library dir [/usr/lib/gcc/x86_64-redhat-linux/4.8.5] ==> [/usr/lib/gcc/x86_64-redhat-linux/4.8.5]
  collapse library dir [/usr/lib/gcc/x86_64-redhat-linux/4.8.5/../../../../lib64] ==> [/usr/lib64]
  collapse library dir [/lib/../lib64] ==> [/lib64]
  collapse library dir [/usr/lib/../lib64] ==> [/usr/lib64]
  collapse library dir [/usr/lib/gcc/x86_64-redhat-linux/4.8.5/../../..] ==> [/usr/lib]
  implicit libs: [stdc++;m;c]
  implicit dirs: [/usr/lib/gcc/x86_64-redhat-linux/4.8.5;/usr/lib64;/lib64;/usr/lib]
  implicit fwks: []


Performing C++ SOURCE FILE Test CXXFLAG_Wall succeded with the following output:
Change Dir: /home/wallace/workSPACE/gitHUB/SourceCODE/myCODES/tools/codebeauty_tool/uncrustify/build/CMakeFiles/CMakeTmp

Run Build Command:/usr/bin/gmake "cmTryCompileExec4096665306/fast"
/usr/bin/gmake -f CMakeFiles/cmTryCompileExec4096665306.dir/build.make CMakeFiles/cmTryCompileExec4096665306.dir/build
gmake[1]: Entering directory `/home/wallace/workSPACE/gitHUB/SourceCODE/myCODES/tools/codebeauty_tool/uncrustify/build/CMakeFiles/CMakeTmp'
/usr/bin/cmake -E cmake_progress_report /home/wallace/workSPACE/gitHUB/SourceCODE/myCODES/tools/codebeauty_tool/uncrustify/build/CMakeFiles/CMakeTmp/CMakeFiles 1
Building CXX object CMakeFiles/cmTryCompileExec4096665306.dir/src.cxx.o
/usr/bin/c++    -DCXXFLAG_Wall   -Wall -o CMakeFiles/cmTryCompileExec4096665306.dir/src.cxx.o -c /home/wallace/workSPACE/gitHUB/SourceCODE/myCODES/tools/codebeauty_tool/uncrustify/build/CMakeFiles/CMakeTmp/src.cxx
Linking CXX executable cmTryCompileExec4096665306
/usr/bin/cmake -E cmake_link_script CMakeFiles/cmTryCompileExec4096665306.dir/link.txt --verbose=1
/usr/bin/c++    -DCXXFLAG_Wall    CMakeFiles/cmTryCompileExec4096665306.dir/src.cxx.o  -o cmTryCompileExec4096665306 -rdynamic 
gmake[1]: Leaving directory `/home/wallace/workSPACE/gitHUB/SourceCODE/myCODES/tools/codebeauty_tool/uncrustify/build/CMakeFiles/CMakeTmp'

Source file was:
int main() { return 0;}
Performing C++ SOURCE FILE Test CXXFLAG_Wextra succeded with the following output:
Change Dir: /home/wallace/workSPACE/gitHUB/SourceCODE/myCODES/tools/codebeauty_tool/uncrustify/build/CMakeFiles/CMakeTmp

Run Build Command:/usr/bin/gmake "cmTryCompileExec3843813398/fast"
/usr/bin/gmake -f CMakeFiles/cmTryCompileExec3843813398.dir/build.make CMakeFiles/cmTryCompileExec3843813398.dir/build
gmake[1]: Entering directory `/home/wallace/workSPACE/gitHUB/SourceCODE/myCODES/tools/codebeauty_tool/uncrustify/build/CMakeFiles/CMakeTmp'
/usr/bin/cmake -E cmake_progress_report /home/wallace/workSPACE/gitHUB/SourceCODE/myCODES/tools/codebeauty_tool/uncrustify/build/CMakeFiles/CMakeTmp/CMakeFiles 1
Building CXX object CMakeFiles/cmTryCompileExec3843813398.dir/src.cxx.o
/usr/bin/c++    -Wall -DCXXFLAG_Wextra   -Wextra -o CMakeFiles/cmTryCompileExec3843813398.dir/src.cxx.o -c /home/wallace/workSPACE/gitHUB/SourceCODE/myCODES/tools/codebeauty_tool/uncrustify/build/CMakeFiles/CMakeTmp/src.cxx
Linking CXX executable cmTryCompileExec3843813398
/usr/bin/cmake -E cmake_link_script CMakeFiles/cmTryCompileExec3843813398.dir/link.txt --verbose=1
/usr/bin/c++    -Wall -DCXXFLAG_Wextra    CMakeFiles/cmTryCompileExec3843813398.dir/src.cxx.o  -o cmTryCompileExec3843813398 -rdynamic 
gmake[1]: Leaving directory `/home/wallace/workSPACE/gitHUB/SourceCODE/myCODES/tools/codebeauty_tool/uncrustify/build/CMakeFiles/CMakeTmp'

Source file was:
int main() { return 0;}
Performing C++ SOURCE FILE Test CXXFLAG_Wshadow succeded with the following output:
Change Dir: /home/wallace/workSPACE/gitHUB/SourceCODE/myCODES/tools/codebeauty_tool/uncrustify/build/CMakeFiles/CMakeTmp

Run Build Command:/usr/bin/gmake "cmTryCompileExec4140785649/fast"
/usr/bin/gmake -f CMakeFiles/cmTryCompileExec4140785649.dir/build.make CMakeFiles/cmTryCompileExec4140785649.dir/build
gmake[1]: Entering directory `/home/wallace/workSPACE/gitHUB/SourceCODE/myCODES/tools/codebeauty_tool/uncrustify/build/CMakeFiles/CMakeTmp'
/usr/bin/cmake -E cmake_progress_report /home/wallace/workSPACE/gitHUB/SourceCODE/myCODES/tools/codebeauty_tool/uncrustify/build/CMakeFiles/CMakeTmp/CMakeFiles 1
Building CXX object CMakeFiles/cmTryCompileExec4140785649.dir/src.cxx.o
/usr/bin/c++    -Wall -Wextra -DCXXFLAG_Wshadow   -Wshadow -o CMakeFiles/cmTryCompileExec4140785649.dir/src.cxx.o -c /home/wallace/workSPACE/gitHUB/SourceCODE/myCODES/tools/codebeauty_tool/uncrustify/build/CMakeFiles/CMakeTmp/src.cxx
Linking CXX executable cmTryCompileExec4140785649
/usr/bin/cmake -E cmake_link_script CMakeFiles/cmTryCompileExec4140785649.dir/link.txt --verbose=1
/usr/bin/c++    -Wall -Wextra -DCXXFLAG_Wshadow    CMakeFiles/cmTryCompileExec4140785649.dir/src.cxx.o  -o cmTryCompileExec4140785649 -rdynamic 
gmake[1]: Leaving directory `/home/wallace/workSPACE/gitHUB/SourceCODE/myCODES/tools/codebeauty_tool/uncrustify/build/CMakeFiles/CMakeTmp'

Source file was:
int main() { return 0;}
Performing C++ SOURCE FILE Test CXXFLAG_Wpointer_arith succeded with the following output:
Change Dir: /home/wallace/workSPACE/gitHUB/SourceCODE/myCODES/tools/codebeauty_tool/uncrustify/build/CMakeFiles/CMakeTmp

Run Build Command:/usr/bin/gmake "cmTryCompileExec282235026/fast"
/usr/bin/gmake -f CMakeFiles/cmTryCompileExec282235026.dir/build.make CMakeFiles/cmTryCompileExec282235026.dir/build
gmake[1]: Entering directory `/home/wallace/workSPACE/gitHUB/SourceCODE/myCODES/tools/codebeauty_tool/uncrustify/build/CMakeFiles/CMakeTmp'
/usr/bin/cmake -E cmake_progress_report /home/wallace/workSPACE/gitHUB/SourceCODE/myCODES/tools/codebeauty_tool/uncrustify/build/CMakeFiles/CMakeTmp/CMakeFiles 1
Building CXX object CMakeFiles/cmTryCompileExec282235026.dir/src.cxx.o
/usr/bin/c++    -Wall -Wextra -Wshadow -DCXXFLAG_Wpointer_arith   -Wpointer-arith -o CMakeFiles/cmTryCompileExec282235026.dir/src.cxx.o -c /home/wallace/workSPACE/gitHUB/SourceCODE/myCODES/tools/codebeauty_tool/uncrustify/build/CMakeFiles/CMakeTmp/src.cxx
Linking CXX executable cmTryCompileExec282235026
/usr/bin/cmake -E cmake_link_script CMakeFiles/cmTryCompileExec282235026.dir/link.txt --verbose=1
/usr/bin/c++    -Wall -Wextra -Wshadow -DCXXFLAG_Wpointer_arith    CMakeFiles/cmTryCompileExec282235026.dir/src.cxx.o  -o cmTryCompileExec282235026 -rdynamic 
gmake[1]: Leaving directory `/home/wallace/workSPACE/gitHUB/SourceCODE/myCODES/tools/codebeauty_tool/uncrustify/build/CMakeFiles/CMakeTmp'

Source file was:
int main() { return 0;}
Performing C++ SOURCE FILE Test CXXFLAG_Wcast_qual succeded with the following output:
Change Dir: /home/wallace/workSPACE/gitHUB/SourceCODE/myCODES/tools/codebeauty_tool/uncrustify/build/CMakeFiles/CMakeTmp

Run Build Command:/usr/bin/gmake "cmTryCompileExec967161965/fast"
/usr/bin/gmake -f CMakeFiles/cmTryCompileExec967161965.dir/build.make CMakeFiles/cmTryCompileExec967161965.dir/build
gmake[1]: Entering directory `/home/wallace/workSPACE/gitHUB/SourceCODE/myCODES/tools/codebeauty_tool/uncrustify/build/CMakeFiles/CMakeTmp'
/usr/bin/cmake -E cmake_progress_report /home/wallace/workSPACE/gitHUB/SourceCODE/myCODES/tools/codebeauty_tool/uncrustify/build/CMakeFiles/CMakeTmp/CMakeFiles 1
Building CXX object CMakeFiles/cmTryCompileExec967161965.dir/src.cxx.o
/usr/bin/c++    -Wall -Wextra -Wshadow -Wpointer-arith -DCXXFLAG_Wcast_qual   -Wcast-qual -o CMakeFiles/cmTryCompileExec967161965.dir/src.cxx.o -c /home/wallace/workSPACE/gitHUB/SourceCODE/myCODES/tools/codebeauty_tool/uncrustify/build/CMakeFiles/CMakeTmp/src.cxx
Linking CXX executable cmTryCompileExec967161965
/usr/bin/cmake -E cmake_link_script CMakeFiles/cmTryCompileExec967161965.dir/link.txt --verbose=1
/usr/bin/c++    -Wall -Wextra -Wshadow -Wpointer-arith -DCXXFLAG_Wcast_qual    CMakeFiles/cmTryCompileExec967161965.dir/src.cxx.o  -o cmTryCompileExec967161965 -rdynamic 
gmake[1]: Leaving directory `/home/wallace/workSPACE/gitHUB/SourceCODE/myCODES/tools/codebeauty_tool/uncrustify/build/CMakeFiles/CMakeTmp'

Source file was:
int main() { return 0;}
Performing C++ SOURCE FILE Test CXXFLAG_Wcast_align succeded with the following output:
Change Dir: /home/wallace/workSPACE/gitHUB/SourceCODE/myCODES/tools/codebeauty_tool/uncrustify/build/CMakeFiles/CMakeTmp

Run Build Command:/usr/bin/gmake "cmTryCompileExec3085977372/fast"
/usr/bin/gmake -f CMakeFiles/cmTryCompileExec3085977372.dir/build.make CMakeFiles/cmTryCompileExec3085977372.dir/build
gmake[1]: Entering directory `/home/wallace/workSPACE/gitHUB/SourceCODE/myCODES/tools/codebeauty_tool/uncrustify/build/CMakeFiles/CMakeTmp'
/usr/bin/cmake -E cmake_progress_report /home/wallace/workSPACE/gitHUB/SourceCODE/myCODES/tools/codebeauty_tool/uncrustify/build/CMakeFiles/CMakeTmp/CMakeFiles 1
Building CXX object CMakeFiles/cmTryCompileExec3085977372.dir/src.cxx.o
/usr/bin/c++    -Wall -Wextra -Wshadow -Wpointer-arith -Wcast-qual -DCXXFLAG_Wcast_align   -Wcast-align -o CMakeFiles/cmTryCompileExec3085977372.dir/src.cxx.o -c /home/wallace/workSPACE/gitHUB/SourceCODE/myCODES/tools/codebeauty_tool/uncrustify/build/CMakeFiles/CMakeTmp/src.cxx
Linking CXX executable cmTryCompileExec3085977372
/usr/bin/cmake -E cmake_link_script CMakeFiles/cmTryCompileExec3085977372.dir/link.txt --verbose=1
/usr/bin/c++    -Wall -Wextra -Wshadow -Wpointer-arith -Wcast-qual -DCXXFLAG_Wcast_align    CMakeFiles/cmTryCompileExec3085977372.dir/src.cxx.o  -o cmTryCompileExec3085977372 -rdynamic 
gmake[1]: Leaving directory `/home/wallace/workSPACE/gitHUB/SourceCODE/myCODES/tools/codebeauty_tool/uncrustify/build/CMakeFiles/CMakeTmp'

Source file was:
int main() { return 0;}
Determining if the include file inttypes.h exists passed with the following output:
Change Dir: /home/wallace/workSPACE/gitHUB/SourceCODE/myCODES/tools/codebeauty_tool/uncrustify/build/CMakeFiles/CMakeTmp

Run Build Command:/usr/bin/gmake "cmTryCompileExec373581880/fast"
/usr/bin/gmake -f CMakeFiles/cmTryCompileExec373581880.dir/build.make CMakeFiles/cmTryCompileExec373581880.dir/build
gmake[1]: Entering directory `/home/wallace/workSPACE/gitHUB/SourceCODE/myCODES/tools/codebeauty_tool/uncrustify/build/CMakeFiles/CMakeTmp'
/usr/bin/cmake -E cmake_progress_report /home/wallace/workSPACE/gitHUB/SourceCODE/myCODES/tools/codebeauty_tool/uncrustify/build/CMakeFiles/CMakeTmp/CMakeFiles 1
Building CXX object CMakeFiles/cmTryCompileExec373581880.dir/CheckIncludeFile.cxx.o
/usr/bin/c++    -Wall -Wextra -Wshadow -Wpointer-arith -Wcast-qual -Wcast-align    -o CMakeFiles/cmTryCompileExec373581880.dir/CheckIncludeFile.cxx.o -c /home/wallace/workSPACE/gitHUB/SourceCODE/myCODES/tools/codebeauty_tool/uncrustify/build/CMakeFiles/CMakeTmp/CheckIncludeFile.cxx
Linking CXX executable cmTryCompileExec373581880
/usr/bin/cmake -E cmake_link_script CMakeFiles/cmTryCompileExec373581880.dir/link.txt --verbose=1
/usr/bin/c++    -Wall -Wextra -Wshadow -Wpointer-arith -Wcast-qual -Wcast-align     CMakeFiles/cmTryCompileExec373581880.dir/CheckIncludeFile.cxx.o  -o cmTryCompileExec373581880 -rdynamic 
gmake[1]: Leaving directory `/home/wallace/workSPACE/gitHUB/SourceCODE/myCODES/tools/codebeauty_tool/uncrustify/build/CMakeFiles/CMakeTmp'


Determining if the include file memory.h exists passed with the following output:
Change Dir: /home/wallace/workSPACE/gitHUB/SourceCODE/myCODES/tools/codebeauty_tool/uncrustify/build/CMakeFiles/CMakeTmp

Run Build Command:/usr/bin/gmake "cmTryCompileExec3502823838/fast"
/usr/bin/gmake -f CMakeFiles/cmTryCompileExec3502823838.dir/build.make CMakeFiles/cmTryCompileExec3502823838.dir/build
gmake[1]: Entering directory `/home/wallace/workSPACE/gitHUB/SourceCODE/myCODES/tools/codebeauty_tool/uncrustify/build/CMakeFiles/CMakeTmp'
/usr/bin/cmake -E cmake_progress_report /home/wallace/workSPACE/gitHUB/SourceCODE/myCODES/tools/codebeauty_tool/uncrustify/build/CMakeFiles/CMakeTmp/CMakeFiles 1
Building CXX object CMakeFiles/cmTryCompileExec3502823838.dir/CheckIncludeFile.cxx.o
/usr/bin/c++    -Wall -Wextra -Wshadow -Wpointer-arith -Wcast-qual -Wcast-align    -o CMakeFiles/cmTryCompileExec3502823838.dir/CheckIncludeFile.cxx.o -c /home/wallace/workSPACE/gitHUB/SourceCODE/myCODES/tools/codebeauty_tool/uncrustify/build/CMakeFiles/CMakeTmp/CheckIncludeFile.cxx
Linking CXX executable cmTryCompileExec3502823838
/usr/bin/cmake -E cmake_link_script CMakeFiles/cmTryCompileExec3502823838.dir/link.txt --verbose=1
/usr/bin/c++    -Wall -Wextra -Wshadow -Wpointer-arith -Wcast-qual -Wcast-align     CMakeFiles/cmTryCompileExec3502823838.dir/CheckIncludeFile.cxx.o  -o cmTryCompileExec3502823838 -rdynamic 
gmake[1]: Leaving directory `/home/wallace/workSPACE/gitHUB/SourceCODE/myCODES/tools/codebeauty_tool/uncrustify/build/CMakeFiles/CMakeTmp'


Determining if the include file stdint.h exists passed with the following output:
Change Dir: /home/wallace/workSPACE/gitHUB/SourceCODE/myCODES/tools/codebeauty_tool/uncrustify/build/CMakeFiles/CMakeTmp

Run Build Command:/usr/bin/gmake "cmTryCompileExec1377653766/fast"
/usr/bin/gmake -f CMakeFiles/cmTryCompileExec1377653766.dir/build.make CMakeFiles/cmTryCompileExec1377653766.dir/build
gmake[1]: Entering directory `/home/wallace/workSPACE/gitHUB/SourceCODE/myCODES/tools/codebeauty_tool/uncrustify/build/CMakeFiles/CMakeTmp'
/usr/bin/cmake -E cmake_progress_report /home/wallace/workSPACE/gitHUB/SourceCODE/myCODES/tools/codebeauty_tool/uncrustify/build/CMakeFiles/CMakeTmp/CMakeFiles 1
Building CXX object CMakeFiles/cmTryCompileExec1377653766.dir/CheckIncludeFile.cxx.o
/usr/bin/c++    -Wall -Wextra -Wshadow -Wpointer-arith -Wcast-qual -Wcast-align    -o CMakeFiles/cmTryCompileExec1377653766.dir/CheckIncludeFile.cxx.o -c /home/wallace/workSPACE/gitHUB/SourceCODE/myCODES/tools/codebeauty_tool/uncrustify/build/CMakeFiles/CMakeTmp/CheckIncludeFile.cxx
Linking CXX executable cmTryCompileExec1377653766
/usr/bin/cmake -E cmake_link_script CMakeFiles/cmTryCompileExec1377653766.dir/link.txt --verbose=1
/usr/bin/c++    -Wall -Wextra -Wshadow -Wpointer-arith -Wcast-qual -Wcast-align     CMakeFiles/cmTryCompileExec1377653766.dir/CheckIncludeFile.cxx.o  -o cmTryCompileExec1377653766 -rdynamic 
gmake[1]: Leaving directory `/home/wallace/workSPACE/gitHUB/SourceCODE/myCODES/tools/codebeauty_tool/uncrustify/build/CMakeFiles/CMakeTmp'


Determining if the include file stdlib.h exists passed with the following output:
Change Dir: /home/wallace/workSPACE/gitHUB/SourceCODE/myCODES/tools/codebeauty_tool/uncrustify/build/CMakeFiles/CMakeTmp

Run Build Command:/usr/bin/gmake "cmTryCompileExec3604946670/fast"
/usr/bin/gmake -f CMakeFiles/cmTryCompileExec3604946670.dir/build.make CMakeFiles/cmTryCompileExec3604946670.dir/build
gmake[1]: Entering directory `/home/wallace/workSPACE/gitHUB/SourceCODE/myCODES/tools/codebeauty_tool/uncrustify/build/CMakeFiles/CMakeTmp'
/usr/bin/cmake -E cmake_progress_report /home/wallace/workSPACE/gitHUB/SourceCODE/myCODES/tools/codebeauty_tool/uncrustify/build/CMakeFiles/CMakeTmp/CMakeFiles 1
Building CXX object CMakeFiles/cmTryCompileExec3604946670.dir/CheckIncludeFile.cxx.o
/usr/bin/c++    -Wall -Wextra -Wshadow -Wpointer-arith -Wcast-qual -Wcast-align    -o CMakeFiles/cmTryCompileExec3604946670.dir/CheckIncludeFile.cxx.o -c /home/wallace/workSPACE/gitHUB/SourceCODE/myCODES/tools/codebeauty_tool/uncrustify/build/CMakeFiles/CMakeTmp/CheckIncludeFile.cxx
Linking CXX executable cmTryCompileExec3604946670
/usr/bin/cmake -E cmake_link_script CMakeFiles/cmTryCompileExec3604946670.dir/link.txt --verbose=1
/usr/bin/c++    -Wall -Wextra -Wshadow -Wpointer-arith -Wcast-qual -Wcast-align     CMakeFiles/cmTryCompileExec3604946670.dir/CheckIncludeFile.cxx.o  -o cmTryCompileExec3604946670 -rdynamic 
gmake[1]: Leaving directory `/home/wallace/workSPACE/gitHUB/SourceCODE/myCODES/tools/codebeauty_tool/uncrustify/build/CMakeFiles/CMakeTmp'


Determining if the include file strings.h exists passed with the following output:
Change Dir: /home/wallace/workSPACE/gitHUB/SourceCODE/myCODES/tools/codebeauty_tool/uncrustify/build/CMakeFiles/CMakeTmp

Run Build Command:/usr/bin/gmake "cmTryCompileExec2523165362/fast"
/usr/bin/gmake -f CMakeFiles/cmTryCompileExec2523165362.dir/build.make CMakeFiles/cmTryCompileExec2523165362.dir/build
gmake[1]: Entering directory `/home/wallace/workSPACE/gitHUB/SourceCODE/myCODES/tools/codebeauty_tool/uncrustify/build/CMakeFiles/CMakeTmp'
/usr/bin/cmake -E cmake_progress_report /home/wallace/workSPACE/gitHUB/SourceCODE/myCODES/tools/codebeauty_tool/uncrustify/build/CMakeFiles/CMakeTmp/CMakeFiles 1
Building CXX object CMakeFiles/cmTryCompileExec2523165362.dir/CheckIncludeFile.cxx.o
/usr/bin/c++    -Wall -Wextra -Wshadow -Wpointer-arith -Wcast-qual -Wcast-align    -o CMakeFiles/cmTryCompileExec2523165362.dir/CheckIncludeFile.cxx.o -c /home/wallace/workSPACE/gitHUB/SourceCODE/myCODES/tools/codebeauty_tool/uncrustify/build/CMakeFiles/CMakeTmp/CheckIncludeFile.cxx
Linking CXX executable cmTryCompileExec2523165362
/usr/bin/cmake -E cmake_link_script CMakeFiles/cmTryCompileExec2523165362.dir/link.txt --verbose=1
/usr/bin/c++    -Wall -Wextra -Wshadow -Wpointer-arith -Wcast-qual -Wcast-align     CMakeFiles/cmTryCompileExec2523165362.dir/CheckIncludeFile.cxx.o  -o cmTryCompileExec2523165362 -rdynamic 
gmake[1]: Leaving directory `/home/wallace/workSPACE/gitHUB/SourceCODE/myCODES/tools/codebeauty_tool/uncrustify/build/CMakeFiles/CMakeTmp'


Determining if the include file string.h exists passed with the following output:
Change Dir: /home/wallace/workSPACE/gitHUB/SourceCODE/myCODES/tools/codebeauty_tool/uncrustify/build/CMakeFiles/CMakeTmp

Run Build Command:/usr/bin/gmake "cmTryCompileExec269906496/fast"
/usr/bin/gmake -f CMakeFiles/cmTryCompileExec269906496.dir/build.make CMakeFiles/cmTryCompileExec269906496.dir/build
gmake[1]: Entering directory `/home/wallace/workSPACE/gitHUB/SourceCODE/myCODES/tools/codebeauty_tool/uncrustify/build/CMakeFiles/CMakeTmp'
/usr/bin/cmake -E cmake_progress_report /home/wallace/workSPACE/gitHUB/SourceCODE/myCODES/tools/codebeauty_tool/uncrustify/build/CMakeFiles/CMakeTmp/CMakeFiles 1
Building CXX object CMakeFiles/cmTryCompileExec269906496.dir/CheckIncludeFile.cxx.o
/usr/bin/c++    -Wall -Wextra -Wshadow -Wpointer-arith -Wcast-qual -Wcast-align    -o CMakeFiles/cmTryCompileExec269906496.dir/CheckIncludeFile.cxx.o -c /home/wallace/workSPACE/gitHUB/SourceCODE/myCODES/tools/codebeauty_tool/uncrustify/build/CMakeFiles/CMakeTmp/CheckIncludeFile.cxx
Linking CXX executable cmTryCompileExec269906496
/usr/bin/cmake -E cmake_link_script CMakeFiles/cmTryCompileExec269906496.dir/link.txt --verbose=1
/usr/bin/c++    -Wall -Wextra -Wshadow -Wpointer-arith -Wcast-qual -Wcast-align     CMakeFiles/cmTryCompileExec269906496.dir/CheckIncludeFile.cxx.o  -o cmTryCompileExec269906496 -rdynamic 
gmake[1]: Leaving directory `/home/wallace/workSPACE/gitHUB/SourceCODE/myCODES/tools/codebeauty_tool/uncrustify/build/CMakeFiles/CMakeTmp'


Determining if the include file sys/stat.h exists passed with the following output:
Change Dir: /home/wallace/workSPACE/gitHUB/SourceCODE/myCODES/tools/codebeauty_tool/uncrustify/build/CMakeFiles/CMakeTmp

Run Build Command:/usr/bin/gmake "cmTryCompileExec201315129/fast"
/usr/bin/gmake -f CMakeFiles/cmTryCompileExec201315129.dir/build.make CMakeFiles/cmTryCompileExec201315129.dir/build
gmake[1]: Entering directory `/home/wallace/workSPACE/gitHUB/SourceCODE/myCODES/tools/codebeauty_tool/uncrustify/build/CMakeFiles/CMakeTmp'
/usr/bin/cmake -E cmake_progress_report /home/wallace/workSPACE/gitHUB/SourceCODE/myCODES/tools/codebeauty_tool/uncrustify/build/CMakeFiles/CMakeTmp/CMakeFiles 1
Building CXX object CMakeFiles/cmTryCompileExec201315129.dir/CheckIncludeFile.cxx.o
/usr/bin/c++    -Wall -Wextra -Wshadow -Wpointer-arith -Wcast-qual -Wcast-align    -o CMakeFiles/cmTryCompileExec201315129.dir/CheckIncludeFile.cxx.o -c /home/wallace/workSPACE/gitHUB/SourceCODE/myCODES/tools/codebeauty_tool/uncrustify/build/CMakeFiles/CMakeTmp/CheckIncludeFile.cxx
Linking CXX executable cmTryCompileExec201315129
/usr/bin/cmake -E cmake_link_script CMakeFiles/cmTryCompileExec201315129.dir/link.txt --verbose=1
/usr/bin/c++    -Wall -Wextra -Wshadow -Wpointer-arith -Wcast-qual -Wcast-align     CMakeFiles/cmTryCompileExec201315129.dir/CheckIncludeFile.cxx.o  -o cmTryCompileExec201315129 -rdynamic 
gmake[1]: Leaving directory `/home/wallace/workSPACE/gitHUB/SourceCODE/myCODES/tools/codebeauty_tool/uncrustify/build/CMakeFiles/CMakeTmp'


Determining if the include file sys/types.h exists passed with the following output:
Change Dir: /home/wallace/workSPACE/gitHUB/SourceCODE/myCODES/tools/codebeauty_tool/uncrustify/build/CMakeFiles/CMakeTmp

Run Build Command:/usr/bin/gmake "cmTryCompileExec3265269870/fast"
/usr/bin/gmake -f CMakeFiles/cmTryCompileExec3265269870.dir/build.make CMakeFiles/cmTryCompileExec3265269870.dir/build
gmake[1]: Entering directory `/home/wallace/workSPACE/gitHUB/SourceCODE/myCODES/tools/codebeauty_tool/uncrustify/build/CMakeFiles/CMakeTmp'
/usr/bin/cmake -E cmake_progress_report /home/wallace/workSPACE/gitHUB/SourceCODE/myCODES/tools/codebeauty_tool/uncrustify/build/CMakeFiles/CMakeTmp/CMakeFiles 1
Building CXX object CMakeFiles/cmTryCompileExec3265269870.dir/CheckIncludeFile.cxx.o
/usr/bin/c++    -Wall -Wextra -Wshadow -Wpointer-arith -Wcast-qual -Wcast-align    -o CMakeFiles/cmTryCompileExec3265269870.dir/CheckIncludeFile.cxx.o -c /home/wallace/workSPACE/gitHUB/SourceCODE/myCODES/tools/codebeauty_tool/uncrustify/build/CMakeFiles/CMakeTmp/CheckIncludeFile.cxx
Linking CXX executable cmTryCompileExec3265269870
/usr/bin/cmake -E cmake_link_script CMakeFiles/cmTryCompileExec3265269870.dir/link.txt --verbose=1
/usr/bin/c++    -Wall -Wextra -Wshadow -Wpointer-arith -Wcast-qual -Wcast-align     CMakeFiles/cmTryCompileExec3265269870.dir/CheckIncludeFile.cxx.o  -o cmTryCompileExec3265269870 -rdynamic 
gmake[1]: Leaving directory `/home/wallace/workSPACE/gitHUB/SourceCODE/myCODES/tools/codebeauty_tool/uncrustify/build/CMakeFiles/CMakeTmp'


Determining if the include file unistd.h exists passed with the following output:
Change Dir: /home/wallace/workSPACE/gitHUB/SourceCODE/myCODES/tools/codebeauty_tool/uncrustify/build/CMakeFiles/CMakeTmp

Run Build Command:/usr/bin/gmake "cmTryCompileExec2416426795/fast"
/usr/bin/gmake -f CMakeFiles/cmTryCompileExec2416426795.dir/build.make CMakeFiles/cmTryCompileExec2416426795.dir/build
gmake[1]: Entering directory `/home/wallace/workSPACE/gitHUB/SourceCODE/myCODES/tools/codebeauty_tool/uncrustify/build/CMakeFiles/CMakeTmp'
/usr/bin/cmake -E cmake_progress_report /home/wallace/workSPACE/gitHUB/SourceCODE/myCODES/tools/codebeauty_tool/uncrustify/build/CMakeFiles/CMakeTmp/CMakeFiles 1
Building CXX object CMakeFiles/cmTryCompileExec2416426795.dir/CheckIncludeFile.cxx.o
/usr/bin/c++    -Wall -Wextra -Wshadow -Wpointer-arith -Wcast-qual -Wcast-align    -o CMakeFiles/cmTryCompileExec2416426795.dir/CheckIncludeFile.cxx.o -c /home/wallace/workSPACE/gitHUB/SourceCODE/myCODES/tools/codebeauty_tool/uncrustify/build/CMakeFiles/CMakeTmp/CheckIncludeFile.cxx
Linking CXX executable cmTryCompileExec2416426795
/usr/bin/cmake -E cmake_link_script CMakeFiles/cmTryCompileExec2416426795.dir/link.txt --verbose=1
/usr/bin/c++    -Wall -Wextra -Wshadow -Wpointer-arith -Wcast-qual -Wcast-align     CMakeFiles/cmTryCompileExec2416426795.dir/CheckIncludeFile.cxx.o  -o cmTryCompileExec2416426795 -rdynamic 
gmake[1]: Leaving directory `/home/wallace/workSPACE/gitHUB/SourceCODE/myCODES/tools/codebeauty_tool/uncrustify/build/CMakeFiles/CMakeTmp'


Determining if the include file utime.h exists passed with the following output:
Change Dir: /home/wallace/workSPACE/gitHUB/SourceCODE/myCODES/tools/codebeauty_tool/uncrustify/build/CMakeFiles/CMakeTmp

Run Build Command:/usr/bin/gmake "cmTryCompileExec653348012/fast"
/usr/bin/gmake -f CMakeFiles/cmTryCompileExec653348012.dir/build.make CMakeFiles/cmTryCompileExec653348012.dir/build
gmake[1]: Entering directory `/home/wallace/workSPACE/gitHUB/SourceCODE/myCODES/tools/codebeauty_tool/uncrustify/build/CMakeFiles/CMakeTmp'
/usr/bin/cmake -E cmake_progress_report /home/wallace/workSPACE/gitHUB/SourceCODE/myCODES/tools/codebeauty_tool/uncrustify/build/CMakeFiles/CMakeTmp/CMakeFiles 1
Building CXX object CMakeFiles/cmTryCompileExec653348012.dir/CheckIncludeFile.cxx.o
/usr/bin/c++    -Wall -Wextra -Wshadow -Wpointer-arith -Wcast-qual -Wcast-align    -o CMakeFiles/cmTryCompileExec653348012.dir/CheckIncludeFile.cxx.o -c /home/wallace/workSPACE/gitHUB/SourceCODE/myCODES/tools/codebeauty_tool/uncrustify/build/CMakeFiles/CMakeTmp/CheckIncludeFile.cxx
Linking CXX executable cmTryCompileExec653348012
/usr/bin/cmake -E cmake_link_script CMakeFiles/cmTryCompileExec653348012.dir/link.txt --verbose=1
/usr/bin/c++    -Wall -Wextra -Wshadow -Wpointer-arith -Wcast-qual -Wcast-align     CMakeFiles/cmTryCompileExec653348012.dir/CheckIncludeFile.cxx.o  -o cmTryCompileExec653348012 -rdynamic 
gmake[1]: Leaving directory `/home/wallace/workSPACE/gitHUB/SourceCODE/myCODES/tools/codebeauty_tool/uncrustify/build/CMakeFiles/CMakeTmp'


Determining if the include file stdbool.h exists passed with the following output:
Change Dir: /home/wallace/workSPACE/gitHUB/SourceCODE/myCODES/tools/codebeauty_tool/uncrustify/build/CMakeFiles/CMakeTmp

Run Build Command:/usr/bin/gmake "cmTryCompileExec1609762890/fast"
/usr/bin/gmake -f CMakeFiles/cmTryCompileExec1609762890.dir/build.make CMakeFiles/cmTryCompileExec1609762890.dir/build
gmake[1]: Entering directory `/home/wallace/workSPACE/gitHUB/SourceCODE/myCODES/tools/codebeauty_tool/uncrustify/build/CMakeFiles/CMakeTmp'
/usr/bin/cmake -E cmake_progress_report /home/wallace/workSPACE/gitHUB/SourceCODE/myCODES/tools/codebeauty_tool/uncrustify/build/CMakeFiles/CMakeTmp/CMakeFiles 1
Building C object CMakeFiles/cmTryCompileExec1609762890.dir/CheckIncludeFile.c.o
/usr/bin/cc    -o CMakeFiles/cmTryCompileExec1609762890.dir/CheckIncludeFile.c.o   -c /home/wallace/workSPACE/gitHUB/SourceCODE/myCODES/tools/codebeauty_tool/uncrustify/build/CMakeFiles/CMakeTmp/CheckIncludeFile.c
Linking C executable cmTryCompileExec1609762890
/usr/bin/cmake -E cmake_link_script CMakeFiles/cmTryCompileExec1609762890.dir/link.txt --verbose=1
/usr/bin/cc       CMakeFiles/cmTryCompileExec1609762890.dir/CheckIncludeFile.c.o  -o cmTryCompileExec1609762890 -rdynamic 
gmake[1]: Leaving directory `/home/wallace/workSPACE/gitHUB/SourceCODE/myCODES/tools/codebeauty_tool/uncrustify/build/CMakeFiles/CMakeTmp'


Determining if the memset exist passed with the following output:
Change Dir: /home/wallace/workSPACE/gitHUB/SourceCODE/myCODES/tools/codebeauty_tool/uncrustify/build/CMakeFiles/CMakeTmp

Run Build Command:/usr/bin/gmake "cmTryCompileExec2323087717/fast"
/usr/bin/gmake -f CMakeFiles/cmTryCompileExec2323087717.dir/build.make CMakeFiles/cmTryCompileExec2323087717.dir/build
gmake[1]: Entering directory `/home/wallace/workSPACE/gitHUB/SourceCODE/myCODES/tools/codebeauty_tool/uncrustify/build/CMakeFiles/CMakeTmp'
/usr/bin/cmake -E cmake_progress_report /home/wallace/workSPACE/gitHUB/SourceCODE/myCODES/tools/codebeauty_tool/uncrustify/build/CMakeFiles/CMakeTmp/CMakeFiles 1
Building CXX object CMakeFiles/cmTryCompileExec2323087717.dir/CheckSymbolExists.cxx.o
/usr/bin/c++    -Wall -Wextra -Wshadow -Wpointer-arith -Wcast-qual -Wcast-align    -o CMakeFiles/cmTryCompileExec2323087717.dir/CheckSymbolExists.cxx.o -c /home/wallace/workSPACE/gitHUB/SourceCODE/myCODES/tools/codebeauty_tool/uncrustify/build/CMakeFiles/CMakeTmp/CheckSymbolExists.cxx
Linking CXX executable cmTryCompileExec2323087717
/usr/bin/cmake -E cmake_link_script CMakeFiles/cmTryCompileExec2323087717.dir/link.txt --verbose=1
/usr/bin/c++    -Wall -Wextra -Wshadow -Wpointer-arith -Wcast-qual -Wcast-align     CMakeFiles/cmTryCompileExec2323087717.dir/CheckSymbolExists.cxx.o  -o cmTryCompileExec2323087717 -rdynamic 
gmake[1]: Leaving directory `/home/wallace/workSPACE/gitHUB/SourceCODE/myCODES/tools/codebeauty_tool/uncrustify/build/CMakeFiles/CMakeTmp'

File /home/wallace/workSPACE/gitHUB/SourceCODE/myCODES/tools/codebeauty_tool/uncrustify/build/CMakeFiles/CMakeTmp/CheckSymbolExists.cxx:
/* */
#include <inttypes.h>
#include <memory.h>
#include <stdint.h>
#include <stdlib.h>
#include <strings.h>
#include <string.h>
#include <sys/stat.h>
#include <sys/types.h>
#include <unistd.h>
#include <utime.h>

int main(int argc, char** argv)
{
  (void)argv;
#ifndef memset
  return ((int*)(&memset))[argc];
#else
  (void)argc;
  return 0;
#endif
}

Determining if the strcasecmp exist passed with the following output:
Change Dir: /home/wallace/workSPACE/gitHUB/SourceCODE/myCODES/tools/codebeauty_tool/uncrustify/build/CMakeFiles/CMakeTmp

Run Build Command:/usr/bin/gmake "cmTryCompileExec2268487210/fast"
/usr/bin/gmake -f CMakeFiles/cmTryCompileExec2268487210.dir/build.make CMakeFiles/cmTryCompileExec2268487210.dir/build
gmake[1]: Entering directory `/home/wallace/workSPACE/gitHUB/SourceCODE/myCODES/tools/codebeauty_tool/uncrustify/build/CMakeFiles/CMakeTmp'
/usr/bin/cmake -E cmake_progress_report /home/wallace/workSPACE/gitHUB/SourceCODE/myCODES/tools/codebeauty_tool/uncrustify/build/CMakeFiles/CMakeTmp/CMakeFiles 1
Building CXX object CMakeFiles/cmTryCompileExec2268487210.dir/CheckSymbolExists.cxx.o
/usr/bin/c++    -Wall -Wextra -Wshadow -Wpointer-arith -Wcast-qual -Wcast-align    -o CMakeFiles/cmTryCompileExec2268487210.dir/CheckSymbolExists.cxx.o -c /home/wallace/workSPACE/gitHUB/SourceCODE/myCODES/tools/codebeauty_tool/uncrustify/build/CMakeFiles/CMakeTmp/CheckSymbolExists.cxx
Linking CXX executable cmTryCompileExec2268487210
/usr/bin/cmake -E cmake_link_script CMakeFiles/cmTryCompileExec2268487210.dir/link.txt --verbose=1
/usr/bin/c++    -Wall -Wextra -Wshadow -Wpointer-arith -Wcast-qual -Wcast-align     CMakeFiles/cmTryCompileExec2268487210.dir/CheckSymbolExists.cxx.o  -o cmTryCompileExec2268487210 -rdynamic 
gmake[1]: Leaving directory `/home/wallace/workSPACE/gitHUB/SourceCODE/myCODES/tools/codebeauty_tool/uncrustify/build/CMakeFiles/CMakeTmp'

File /home/wallace/workSPACE/gitHUB/SourceCODE/myCODES/tools/codebeauty_tool/uncrustify/build/CMakeFiles/CMakeTmp/CheckSymbolExists.cxx:
/* */
#include <inttypes.h>
#include <memory.h>
#include <stdint.h>
#include <stdlib.h>
#include <strings.h>
#include <string.h>
#include <sys/stat.h>
#include <sys/types.h>
#include <unistd.h>
#include <utime.h>

int main(int argc, char** argv)
{
  (void)argv;
#ifndef strcasecmp
  return ((int*)(&strcasecmp))[argc];
#else
  (void)argc;
  return 0;
#endif
}

Determining if the strdup exist passed with the following output:
Change Dir: /home/wallace/workSPACE/gitHUB/SourceCODE/myCODES/tools/codebeauty_tool/uncrustify/build/CMakeFiles/CMakeTmp

Run Build Command:/usr/bin/gmake "cmTryCompileExec2851859235/fast"
/usr/bin/gmake -f CMakeFiles/cmTryCompileExec2851859235.dir/build.make CMakeFiles/cmTryCompileExec2851859235.dir/build
gmake[1]: Entering directory `/home/wallace/workSPACE/gitHUB/SourceCODE/myCODES/tools/codebeauty_tool/uncrustify/build/CMakeFiles/CMakeTmp'
/usr/bin/cmake -E cmake_progress_report /home/wallace/workSPACE/gitHUB/SourceCODE/myCODES/tools/codebeauty_tool/uncrustify/build/CMakeFiles/CMakeTmp/CMakeFiles 1
Building CXX object CMakeFiles/cmTryCompileExec2851859235.dir/CheckSymbolExists.cxx.o
/usr/bin/c++    -Wall -Wextra -Wshadow -Wpointer-arith -Wcast-qual -Wcast-align    -o CMakeFiles/cmTryCompileExec2851859235.dir/CheckSymbolExists.cxx.o -c /home/wallace/workSPACE/gitHUB/SourceCODE/myCODES/tools/codebeauty_tool/uncrustify/build/CMakeFiles/CMakeTmp/CheckSymbolExists.cxx
Linking CXX executable cmTryCompileExec2851859235
/usr/bin/cmake -E cmake_link_script CMakeFiles/cmTryCompileExec2851859235.dir/link.txt --verbose=1
/usr/bin/c++    -Wall -Wextra -Wshadow -Wpointer-arith -Wcast-qual -Wcast-align     CMakeFiles/cmTryCompileExec2851859235.dir/CheckSymbolExists.cxx.o  -o cmTryCompileExec2851859235 -rdynamic 
gmake[1]: Leaving directory `/home/wallace/workSPACE/gitHUB/SourceCODE/myCODES/tools/codebeauty_tool/uncrustify/build/CMakeFiles/CMakeTmp'

File /home/wallace/workSPACE/gitHUB/SourceCODE/myCODES/tools/codebeauty_tool/uncrustify/build/CMakeFiles/CMakeTmp/CheckSymbolExists.cxx:
/* */
#include <inttypes.h>
#include <memory.h>
#include <stdint.h>
#include <stdlib.h>
#include <strings.h>
#include <string.h>
#include <sys/stat.h>
#include <sys/types.h>
#include <unistd.h>
#include <utime.h>

int main(int argc, char** argv)
{
  (void)argv;
#ifndef strdup
  return ((int*)(&strdup))[argc];
#else
  (void)argc;
  return 0;
#endif
}

Determining if the strerror exist passed with the following output:
Change Dir: /home/wallace/workSPACE/gitHUB/SourceCODE/myCODES/tools/codebeauty_tool/uncrustify/build/CMakeFiles/CMakeTmp

Run Build Command:/usr/bin/gmake "cmTryCompileExec2814423384/fast"
/usr/bin/gmake -f CMakeFiles/cmTryCompileExec2814423384.dir/build.make CMakeFiles/cmTryCompileExec2814423384.dir/build
gmake[1]: Entering directory `/home/wallace/workSPACE/gitHUB/SourceCODE/myCODES/tools/codebeauty_tool/uncrustify/build/CMakeFiles/CMakeTmp'
/usr/bin/cmake -E cmake_progress_report /home/wallace/workSPACE/gitHUB/SourceCODE/myCODES/tools/codebeauty_tool/uncrustify/build/CMakeFiles/CMakeTmp/CMakeFiles 1
Building CXX object CMakeFiles/cmTryCompileExec2814423384.dir/CheckSymbolExists.cxx.o
/usr/bin/c++    -Wall -Wextra -Wshadow -Wpointer-arith -Wcast-qual -Wcast-align    -o CMakeFiles/cmTryCompileExec2814423384.dir/CheckSymbolExists.cxx.o -c /home/wallace/workSPACE/gitHUB/SourceCODE/myCODES/tools/codebeauty_tool/uncrustify/build/CMakeFiles/CMakeTmp/CheckSymbolExists.cxx
Linking CXX executable cmTryCompileExec2814423384
/usr/bin/cmake -E cmake_link_script CMakeFiles/cmTryCompileExec2814423384.dir/link.txt --verbose=1
/usr/bin/c++    -Wall -Wextra -Wshadow -Wpointer-arith -Wcast-qual -Wcast-align     CMakeFiles/cmTryCompileExec2814423384.dir/CheckSymbolExists.cxx.o  -o cmTryCompileExec2814423384 -rdynamic 
gmake[1]: Leaving directory `/home/wallace/workSPACE/gitHUB/SourceCODE/myCODES/tools/codebeauty_tool/uncrustify/build/CMakeFiles/CMakeTmp'

File /home/wallace/workSPACE/gitHUB/SourceCODE/myCODES/tools/codebeauty_tool/uncrustify/build/CMakeFiles/CMakeTmp/CheckSymbolExists.cxx:
/* */
#include <inttypes.h>
#include <memory.h>
#include <stdint.h>
#include <stdlib.h>
#include <strings.h>
#include <string.h>
#include <sys/stat.h>
#include <sys/types.h>
#include <unistd.h>
#include <utime.h>

int main(int argc, char** argv)
{
  (void)argv;
#ifndef strerror
  return ((int*)(&strerror))[argc];
#else
  (void)argc;
  return 0;
#endif
}

Determining if the strtol exist passed with the following output:
Change Dir: /home/wallace/workSPACE/gitHUB/SourceCODE/myCODES/tools/codebeauty_tool/uncrustify/build/CMakeFiles/CMakeTmp

Run Build Command:/usr/bin/gmake "cmTryCompileExec62804554/fast"
/usr/bin/gmake -f CMakeFiles/cmTryCompileExec62804554.dir/build.make CMakeFiles/cmTryCompileExec62804554.dir/build
gmake[1]: Entering directory `/home/wallace/workSPACE/gitHUB/SourceCODE/myCODES/tools/codebeauty_tool/uncrustify/build/CMakeFiles/CMakeTmp'
/usr/bin/cmake -E cmake_progress_report /home/wallace/workSPACE/gitHUB/SourceCODE/myCODES/tools/codebeauty_tool/uncrustify/build/CMakeFiles/CMakeTmp/CMakeFiles 1
Building CXX object CMakeFiles/cmTryCompileExec62804554.dir/CheckSymbolExists.cxx.o
/usr/bin/c++    -Wall -Wextra -Wshadow -Wpointer-arith -Wcast-qual -Wcast-align    -o CMakeFiles/cmTryCompileExec62804554.dir/CheckSymbolExists.cxx.o -c /home/wallace/workSPACE/gitHUB/SourceCODE/myCODES/tools/codebeauty_tool/uncrustify/build/CMakeFiles/CMakeTmp/CheckSymbolExists.cxx
Linking CXX executable cmTryCompileExec62804554
/usr/bin/cmake -E cmake_link_script CMakeFiles/cmTryCompileExec62804554.dir/link.txt --verbose=1
/usr/bin/c++    -Wall -Wextra -Wshadow -Wpointer-arith -Wcast-qual -Wcast-align     CMakeFiles/cmTryCompileExec62804554.dir/CheckSymbolExists.cxx.o  -o cmTryCompileExec62804554 -rdynamic 
gmake[1]: Leaving directory `/home/wallace/workSPACE/gitHUB/SourceCODE/myCODES/tools/codebeauty_tool/uncrustify/build/CMakeFiles/CMakeTmp'

File /home/wallace/workSPACE/gitHUB/SourceCODE/myCODES/tools/codebeauty_tool/uncrustify/build/CMakeFiles/CMakeTmp/CheckSymbolExists.cxx:
/* */
#include <inttypes.h>
#include <memory.h>
#include <stdint.h>
#include <stdlib.h>
#include <strings.h>
#include <string.h>
#include <sys/stat.h>
#include <sys/types.h>
#include <unistd.h>
#include <utime.h>

int main(int argc, char** argv)
{
  (void)argv;
#ifndef strtol
  return ((int*)(&strtol))[argc];
#else
  (void)argc;
  return 0;
#endif
}

Determining if the strtoul exist passed with the following output:
Change Dir: /home/wallace/workSPACE/gitHUB/SourceCODE/myCODES/tools/codebeauty_tool/uncrustify/build/CMakeFiles/CMakeTmp

Run Build Command:/usr/bin/gmake "cmTryCompileExec458852173/fast"
/usr/bin/gmake -f CMakeFiles/cmTryCompileExec458852173.dir/build.make CMakeFiles/cmTryCompileExec458852173.dir/build
gmake[1]: Entering directory `/home/wallace/workSPACE/gitHUB/SourceCODE/myCODES/tools/codebeauty_tool/uncrustify/build/CMakeFiles/CMakeTmp'
/usr/bin/cmake -E cmake_progress_report /home/wallace/workSPACE/gitHUB/SourceCODE/myCODES/tools/codebeauty_tool/uncrustify/build/CMakeFiles/CMakeTmp/CMakeFiles 1
Building CXX object CMakeFiles/cmTryCompileExec458852173.dir/CheckSymbolExists.cxx.o
/usr/bin/c++    -Wall -Wextra -Wshadow -Wpointer-arith -Wcast-qual -Wcast-align    -o CMakeFiles/cmTryCompileExec458852173.dir/CheckSymbolExists.cxx.o -c /home/wallace/workSPACE/gitHUB/SourceCODE/myCODES/tools/codebeauty_tool/uncrustify/build/CMakeFiles/CMakeTmp/CheckSymbolExists.cxx
Linking CXX executable cmTryCompileExec458852173
/usr/bin/cmake -E cmake_link_script CMakeFiles/cmTryCompileExec458852173.dir/link.txt --verbose=1
/usr/bin/c++    -Wall -Wextra -Wshadow -Wpointer-arith -Wcast-qual -Wcast-align     CMakeFiles/cmTryCompileExec458852173.dir/CheckSymbolExists.cxx.o  -o cmTryCompileExec458852173 -rdynamic 
gmake[1]: Leaving directory `/home/wallace/workSPACE/gitHUB/SourceCODE/myCODES/tools/codebeauty_tool/uncrustify/build/CMakeFiles/CMakeTmp'

File /home/wallace/workSPACE/gitHUB/SourceCODE/myCODES/tools/codebeauty_tool/uncrustify/build/CMakeFiles/CMakeTmp/CheckSymbolExists.cxx:
/* */
#include <inttypes.h>
#include <memory.h>
#include <stdint.h>
#include <stdlib.h>
#include <strings.h>
#include <string.h>
#include <sys/stat.h>
#include <sys/types.h>
#include <unistd.h>
#include <utime.h>

int main(int argc, char** argv)
{
  (void)argv;
#ifndef strtoul
  return ((int*)(&strtoul))[argc];
#else
  (void)argc;
  return 0;
#endif
}

Determining if the include file stddef.h exists passed with the following output:
Change Dir: /home/wallace/workSPACE/gitHUB/SourceCODE/myCODES/tools/codebeauty_tool/uncrustify/build/CMakeFiles/CMakeTmp

Run Build Command:/usr/bin/gmake "cmTryCompileExec4137265255/fast"
/usr/bin/gmake -f CMakeFiles/cmTryCompileExec4137265255.dir/build.make CMakeFiles/cmTryCompileExec4137265255.dir/build
gmake[1]: Entering directory `/home/wallace/workSPACE/gitHUB/SourceCODE/myCODES/tools/codebeauty_tool/uncrustify/build/CMakeFiles/CMakeTmp'
/usr/bin/cmake -E cmake_progress_report /home/wallace/workSPACE/gitHUB/SourceCODE/myCODES/tools/codebeauty_tool/uncrustify/build/CMakeFiles/CMakeTmp/CMakeFiles 1
Building C object CMakeFiles/cmTryCompileExec4137265255.dir/CheckIncludeFile.c.o
/usr/bin/cc    -o CMakeFiles/cmTryCompileExec4137265255.dir/CheckIncludeFile.c.o   -c /home/wallace/workSPACE/gitHUB/SourceCODE/myCODES/tools/codebeauty_tool/uncrustify/build/CMakeFiles/CMakeTmp/CheckIncludeFile.c
Linking C executable cmTryCompileExec4137265255
/usr/bin/cmake -E cmake_link_script CMakeFiles/cmTryCompileExec4137265255.dir/link.txt --verbose=1
/usr/bin/cc       CMakeFiles/cmTryCompileExec4137265255.dir/CheckIncludeFile.c.o  -o cmTryCompileExec4137265255 -rdynamic 
gmake[1]: Leaving directory `/home/wallace/workSPACE/gitHUB/SourceCODE/myCODES/tools/codebeauty_tool/uncrustify/build/CMakeFiles/CMakeTmp'


Determining size of _Bool passed with the following output:
Change Dir: /home/wallace/workSPACE/gitHUB/SourceCODE/myCODES/tools/codebeauty_tool/uncrustify/build/CMakeFiles/CMakeTmp

Run Build Command:/usr/bin/gmake "cmTryCompileExec412949373/fast"
/usr/bin/gmake -f CMakeFiles/cmTryCompileExec412949373.dir/build.make CMakeFiles/cmTryCompileExec412949373.dir/build
gmake[1]: Entering directory `/home/wallace/workSPACE/gitHUB/SourceCODE/myCODES/tools/codebeauty_tool/uncrustify/build/CMakeFiles/CMakeTmp'
/usr/bin/cmake -E cmake_progress_report /home/wallace/workSPACE/gitHUB/SourceCODE/myCODES/tools/codebeauty_tool/uncrustify/build/CMakeFiles/CMakeTmp/CMakeFiles 1
Building C object CMakeFiles/cmTryCompileExec412949373.dir/_BOOL.c.o
/usr/bin/cc    -o CMakeFiles/cmTryCompileExec412949373.dir/_BOOL.c.o   -c /home/wallace/workSPACE/gitHUB/SourceCODE/myCODES/tools/codebeauty_tool/uncrustify/build/CMakeFiles/CheckTypeSize/_BOOL.c
Linking C executable cmTryCompileExec412949373
/usr/bin/cmake -E cmake_link_script CMakeFiles/cmTryCompileExec412949373.dir/link.txt --verbose=1
/usr/bin/cc       CMakeFiles/cmTryCompileExec412949373.dir/_BOOL.c.o  -o cmTryCompileExec412949373 -rdynamic 
gmake[1]: Leaving directory `/home/wallace/workSPACE/gitHUB/SourceCODE/myCODES/tools/codebeauty_tool/uncrustify/build/CMakeFiles/CMakeTmp'


